Marketing News Reader running on port 3012
Update interval: 1 hours
Connected to SQLite at /home/ubuntu/MarketFeed/final_fix_v8.db
Starting initial news aggregation in background...
Starting comprehensive news aggregation...

--- Processing Batch 1 (HSBC, Grab, Vodafone) ---
Fetching Premium Sources (Official & LinkedIn) for HSBC...
Directly scraping official website for HSBC: https://www.hsbc.com/news-and-media/media-releases
Fetching Premium Sources (Official & LinkedIn) for Grab...
Directly scraping official website for Grab: https://www.grab.com/sg/press/
Fetching Premium Sources (Official & LinkedIn) for Vodafone...
Directly scraping official website for Vodafone: https://www.vodafone.com/news
Request failed (Request failed with status code 403). Retrying in 3000ms...
Searching LinkedIn for Grab news...
Searching LinkedIn for HSBC news...
Searching LinkedIn for Vodafone news...
Request failed (Client network socket disconnected before secure TLS connection was established). Retrying in 1000ms...
Request failed (Client network socket disconnected before secure TLS connection was established). Retrying in 1000ms...
Request failed (Client network socket disconnected before secure TLS connection was established). Retrying in 1000ms...
Request failed (Client network socket disconnected before secure TLS connection was established). Retrying in 2000ms...
Request failed (Client network socket disconnected before secure TLS connection was established). Retrying in 2000ms...
Request failed (Client network socket disconnected before secure TLS connection was established). Retrying in 2000ms...
DuckDuckGo query failed for site:linkedin.com/company "Grab" "posts": Client network socket disconnected before secure TLS connection was established
DuckDuckGo query failed for site:linkedin.com/company "HSBC" "posts": Client network socket disconnected before secure TLS connection was established
DuckDuckGo query failed for site:linkedin.com/company "Vodafone" "posts": Client network socket disconnected before secure TLS connection was established
