Marketing News Reader running on port 3009
Update interval: 1 hours
Connected to SQLite at /home/ubuntu/MarketFeed/final_fix_v5.db
Starting initial news aggregation in background...
Starting comprehensive news aggregation...

--- Processing [1/18] HSBC ---
Fetching Premium Sources (Official & LinkedIn) for HSBC...
Directly scraping official website for HSBC: https://www.hsbc.com/news-and-media/media-releases
Searching LinkedIn for HSBC news...
Searching Official Website for HSBC news...
Web searching (Bing/DDG) for HSBC...
Searching Web Search for HSBC news...
Error web searching for HSBC: sleep is not defined
⚠ [HSBC] No articles found
--- GET NEWS REQUEST ---
Query Params: {"startDate":"2026-06-03T06:25:29Z","limit":"20"}
Applied Filters: {"startDate":"2026-06-03T06:25:29Z","limit":20}
Returning 0 articles

--- Processing [2/18] Grab ---
Fetching Premium Sources (Official & LinkedIn) for Grab...
Directly scraping official website for Grab: https://www.grab.com/sg/press/
Searching LinkedIn for Grab news...
Web searching (Bing/DDG) for Grab...
Searching Web Search for Grab news...
Error web searching for Grab: sleep is not defined
✓ [Grab] Stored 3 articles

--- Processing [3/18] Vodafone ---
Fetching Premium Sources (Official & LinkedIn) for Vodafone...
Directly scraping official website for Vodafone: https://www.vodafone.com/news
--- GET NEWS REQUEST ---
Query Params: {"limit":"1"}
Applied Filters: {"limit":1}
Returning 1 articles
Searching LinkedIn for Vodafone news...
Searching Official Website for Vodafone news...
Web searching (Bing/DDG) for Vodafone...
Searching Web Search for Vodafone news...
Error web searching for Vodafone: sleep is not defined
⚠ [Vodafone] No articles found

--- Processing [4/18] Cathay Pacific ---
Fetching Premium Sources (Official & LinkedIn) for Cathay Pacific...
Directly scraping official website for Cathay Pacific: https://news.cathaypacific.com/
SIGTERM signal received: closing HTTP server
HTTP server closed
