Marketing News Reader running on port 3011
Update interval: 1 hours
Connected to SQLite at /home/ubuntu/MarketFeed/final_fix_v7.db
Starting initial news aggregation in background...
Starting comprehensive news aggregation...

--- Processing [1/18] HSBC ---
Fetching Premium Sources (Official & LinkedIn) for HSBC...
Directly scraping official website for HSBC: https://www.hsbc.com/news-and-media/media-releases
Searching LinkedIn for HSBC news...
Searching Official Website for HSBC news...
Web searching (Bing/DDG) for HSBC...
Searching Web Search for HSBC news...
Searching Bing News for HSBC...
✓ [HSBC] Stored 24 articles

--- Processing [2/18] Grab ---
Fetching Premium Sources (Official & LinkedIn) for Grab...
Directly scraping official website for Grab: https://www.grab.com/sg/press/
Searching LinkedIn for Grab news...
Web searching (Bing/DDG) for Grab...
Searching Web Search for Grab news...
Searching Bing News for Grab...
✓ [Grab] Stored 2 articles

--- Processing [3/18] Vodafone ---
Fetching Premium Sources (Official & LinkedIn) for Vodafone...
Directly scraping official website for Vodafone: https://www.vodafone.com/news
Searching LinkedIn for Vodafone news...
--- GET NEWS REQUEST ---
Query Params: {"limit":"20"}
Applied Filters: {"limit":20}
Returning 20 articles
Searching Official Website for Vodafone news...
Web searching (Bing/DDG) for Vodafone...
Searching Web Search for Vodafone news...
Searching Bing News for Vodafone...
--- GET NEWS REQUEST ---
Query Params: {"company":"Grab","limit":"5"}
Applied Filters: {"company":"Grab","limit":5}
Returning 2 articles
✓ [Vodafone] Stored 14 articles

--- Processing [4/18] Cathay Pacific ---
Fetching Premium Sources (Official & LinkedIn) for Cathay Pacific...
Directly scraping official website for Cathay Pacific: https://news.cathaypacific.com/
Searching LinkedIn for Cathay Pacific news...
Searching Official Website for Cathay Pacific news...
Web searching (Bing/DDG) for Cathay Pacific...
Searching Web Search for Cathay Pacific news...
